 Line Constants Program for the PSCAD V5
 Build: 2022.10.28
 (c)1995-2022 Manitoba Hydro International, Ltd.
 
 File Name:        C:\Users\sanab\Documents\Thesis_Sana\PSCAD\Simplemodel_geometry.gf46\AC_Cable_1.cli
 Segment length:   1000.000000 [m]
 Length Increment: 0.000000 [m]
 Steps:            1
 ====================================================================
 CURVE FITTING OUTPUT
 ====================================================================
 
 Fitting Characteristic Admittance Yc:
 ====================================================================
 Maximum Fitting Error Requested:                            0.2000 %
 Maximum Number of Poles:                                        20
 
 Yc:          Maximum          Number
              Fitting Error    of Poles
              --------------   --------
                  0.1310 %       13
 
 ====================================================================
 
 Fitting Propagation Function H:
 ====================================================================
 Maximum Fitting Error Requested:                            0.2000 %
 Maximum Number of Poles (per delay group):                      20
 
 --------------------------------------------------------------------
 Attempt #  1                               Target error:   25.0000 %
 --------------------------------------------------------------------
 Hmode:       Delay      Maximum          Number      Time
              Group #    Fitting Error    of Poles    Delay
              -------    -------------    --------    -----
                 1          3.98277 %        2         0.005003 ms
                 2          8.05758 %        2         0.066293 ms
 
 Hphase:      Maximum           Maximum       Maximum
              Fitting Error     RMS Error     Residue/Pole Ratio
              --------------    ----------    ------------------
                  9.2433 %        3.3555 %              0.96
 --------------------------------------------------------------------
 Attempt #  2                               Target error:   12.5000 %
 --------------------------------------------------------------------
 Hmode:       Delay      Maximum          Number      Time
              Group #    Fitting Error    of Poles    Delay
              -------    -------------    --------    -----
                 1          3.98277 %        2         0.005003 ms
                 2          8.05758 %        2         0.066293 ms
 
 Hphase:      Maximum           Maximum       Maximum
              Fitting Error     RMS Error     Residue/Pole Ratio
              --------------    ----------    ------------------
                  9.2433 %        3.3555 %              0.96
 --------------------------------------------------------------------
 Attempt #  3                               Target error:    6.2500 %
 --------------------------------------------------------------------
 Hmode:       Delay      Maximum          Number      Time
              Group #    Fitting Error    of Poles    Delay
              -------    -------------    --------    -----
                 1          3.98277 %        2         0.005003 ms
                 2          2.78115 %        5         0.064461 ms
 
 Hphase:      Maximum           Maximum       Maximum
              Fitting Error     RMS Error     Residue/Pole Ratio
              --------------    ----------    ------------------
                  4.9204 %        1.6893 %              0.96
 --------------------------------------------------------------------
 Attempt #  4                               Target error:    3.1250 %
 --------------------------------------------------------------------
 Hmode:       Delay      Maximum          Number      Time
              Group #    Fitting Error    of Poles    Delay
              -------    -------------    --------    -----
                 1          2.20911 %        3         0.005017 ms
                 2          2.78115 %        5         0.064461 ms
 
 Hphase:      Maximum           Maximum       Maximum
              Fitting Error     RMS Error     Residue/Pole Ratio
              --------------    ----------    ------------------
                  4.1897 %        1.6616 %              0.93
 --------------------------------------------------------------------
 Attempt #  5                               Target error:    1.5625 %
 --------------------------------------------------------------------
 Hmode:       Delay      Maximum          Number      Time
              Group #    Fitting Error    of Poles    Delay
              -------    -------------    --------    -----
                 1          0.92616 %        4         0.005029 ms
                 2          0.70456 %        6         0.062954 ms
 
 Hphase:      Maximum           Maximum       Maximum
              Fitting Error     RMS Error     Residue/Pole Ratio
              --------------    ----------    ------------------
                  1.4737 %        0.4912 %              1.23
 --------------------------------------------------------------------
 Attempt #  6                               Target error:    0.7812 %
 --------------------------------------------------------------------
 Hmode:       Delay      Maximum          Number      Time
              Group #    Fitting Error    of Poles    Delay
              -------    -------------    --------    -----
                 1          0.37303 %        5         0.005038 ms
                 2          0.70456 %        6         0.062954 ms
 
 Hphase:      Maximum           Maximum       Maximum
              Fitting Error     RMS Error     Residue/Pole Ratio
              --------------    ----------    ------------------
                  2.1818 %        0.7566 %              1.25
 --------------------------------------------------------------------
 Attempt #  7                               Target error:    0.3906 %
 --------------------------------------------------------------------
 Hmode:       Delay      Maximum          Number      Time
              Group #    Fitting Error    of Poles    Delay
              -------    -------------    --------    -----
                 1          0.37303 %        5         0.005038 ms
                 2          0.33061 %        8         0.063507 ms
 
 Hphase:      Maximum           Maximum       Maximum
              Fitting Error     RMS Error     Residue/Pole Ratio
              --------------    ----------    ------------------
                  0.5568 %        0.1442 %              1.22
 --------------------------------------------------------------------
 Attempt #  8                               Target error:    0.1953 %
 --------------------------------------------------------------------
 Hmode:       Delay      Maximum          Number      Time
              Group #    Fitting Error    of Poles    Delay
              -------    -------------    --------    -----
                 1          0.14513 %        7         0.005042 ms
                 2          0.08997 %       11         0.062616 ms
 
 Hphase:      Maximum           Maximum       Maximum
              Fitting Error     RMS Error     Residue/Pole Ratio
              --------------    ----------    ------------------
                  0.2853 %        0.1513 %              2.02
 --------------------------------------------------------------------
 Attempt #  9                               Target error:    0.0977 %
 --------------------------------------------------------------------
 Hmode:       Delay      Maximum          Number      Time
              Group #    Fitting Error    of Poles    Delay
              -------    -------------    --------    -----
                 1          0.06887 %        8         0.005045 ms
                 2          0.08997 %       11         0.062616 ms
 
 Hphase:      Maximum           Maximum       Maximum
              Fitting Error     RMS Error     Residue/Pole Ratio
              --------------    ----------    ------------------
                  0.2486 %        0.0786 %              2.04
 --------------------------------------------------------------------
 Attempt # 10                               Target error:    0.0488 %
 --------------------------------------------------------------------
 Hmode:       Delay      Maximum          Number      Time
              Group #    Fitting Error    of Poles    Delay
              -------    -------------    --------    -----
                 1          0.04271 %        9         0.005045 ms
                 2          0.02274 %       13         0.061442 ms
 
 Hphase:      Maximum           Maximum       Maximum
              Fitting Error     RMS Error     Residue/Pole Ratio
              --------------    ----------    ------------------
                  0.1365 %        0.0725 %              1.66
 
 --------------------------------------------------------------------
 ====================================================================
 
 LCP solve constants complete.
0
